<?xml version="1.0" encoding="UTF-8"?>
<!-- Generated by org.testng.reporters.JUnitReportReporter -->
<testsuite hostname="DESKTOP-8IN1H1E" failures="0" tests="1" name="com.intbanking.testcase.Tc_LoginTest_001" time="2.627" errors="0" timestamp="2021-11-26T00:09:05 IST" skipped="0">
  <testcase classname="com.intbanking.testcase.Tc_LoginTest_001" name="loginTest" time="2.627"/>
  <system-out/>
</testsuite> <!-- com.intbanking.testcase.Tc_LoginTest_001 -->
