<?xml version="1.0" encoding="UTF-8"?>
<!-- Generated by org.testng.reporters.JUnitReportReporter -->
<testsuite hostname="KingMaker" failures="0" tests="1" name="com.intbanking.testcase.TC_AddCustomerTest_003" time="17.034" errors="0" timestamp="2021-11-27T04:03:15 IST" skipped="0">
  <testcase classname="com.intbanking.testcase.TC_AddCustomerTest_003" name="addNewCustomer" time="17.034"/>
  <system-out/>
</testsuite> <!-- com.intbanking.testcase.TC_AddCustomerTest_003 -->
