<?xml version="1.0" encoding="UTF-8"?>
<!-- Generated by org.testng.reporters.JUnitReportReporter -->
<testsuite hostname="KingMaker" failures="0" tests="1" name="com.intbanking.testcase.TC_AddCustomerTest_003" time="15.748" errors="0" timestamp="2021-11-27T03:22:42 IST" skipped="0">
  <testcase classname="com.intbanking.testcase.TC_AddCustomerTest_003" name="addNewCustomer" time="15.748"/>
  <system-out/>
</testsuite> <!-- com.intbanking.testcase.TC_AddCustomerTest_003 -->
