<?xml version="1.0" encoding="UTF-8"?>
<!-- Generated by org.testng.reporters.JUnitReportReporter -->
<testsuite hostname="KingMaker" failures="0" tests="1" name="com.intbanking.testcase.TC_AddCustomerTest_003" time="16.412" errors="0" timestamp="2021-11-26T21:27:06 IST" skipped="0">
  <testcase classname="com.intbanking.testcase.TC_AddCustomerTest_003" name="addNewCustomer" time="16.412"/>
  <system-out/>
</testsuite> <!-- com.intbanking.testcase.TC_AddCustomerTest_003 -->
